<?xml version='1.0' encoding='UTF-8'?>
<testsuite hostname="Stavs-MBP.localdomain" name="TaskManagerSpec" tests="1" errors="0" failures="0" skipped="0" time="0.018" timestamp="2021-07-04T16:36:24">
          <properties>
      <property name="awt.toolkit" value="sun.lwawt.macosx.LWCToolkit"/><property name="java.specification.version" value="11"/><property name="sun.cpu.isalist" value=""/><property name="sun.jnu.encoding" value="UTF-8"/><property name="sun.arch.data.model" value="64"/><property name="bootstrap.mainClass" value="xsbt.boot.Boot"/><property name="java.vendor.url" value="https://adoptopenjdk.net/"/><property name="sun.boot.library.path" value="/Users/stavsheizaf/Library/Caches/Coursier/jvm/adopt@1.11.0-11/Contents/Home/lib"/><property name="sun.java.command" value="/Users/stavsheizaf/Library/Application Support/Coursier/bin/sbt"/><property name="jdk.debug" value="release"/><property name="java.specification.vendor" value="Oracle Corporation"/><property name="java.version.date" value="2021-04-20"/><property name="java.home" value="/Users/stavsheizaf/Library/Caches/Coursier/jvm/adopt@1.11.0-11/Contents/Home"/><property name="file.separator" value="/"/><property name="java.vm.compressedOopsMode" value="Zero based"/><property name="line.separator" value="
"/><property name="java.specification.name" value="Java Platform API Specification"/><property name="java.vm.specification.vendor" value="Oracle Corporation"/><property name="sun.management.compiler" value="HotSpot 64-Bit Tiered Compilers"/><property name="java.runtime.version" value="11.0.11+9"/><property name="user.name" value="stavsheizaf"/><property name="log4j.ignoreTCL" value="true"/><property name="file.encoding" value="UTF-8"/><property name="jnidispatch.path" value="/Users/stavsheizaf/Library/Caches/JNA/temp/jna7415614065298251769.tmp"/><property name="java.vendor.version" value="AdoptOpenJDK-11.0.11+9"/><property name="jna.loaded" value="true"/><property name="java.io.tmpdir" value="/var/folders/nh/x61gxgcs6sdbxqzdfx47cmbm0000gn/T/"/><property name="java.version" value="11.0.11"/><property name="java.vm.specification.name" value="Java Virtual Machine Specification"/><property name="java.awt.printerjob" value="sun.lwawt.macosx.CPrinterJob"/><property name="sun.os.patch.level" value="unknown"/><property name="java.library.path" value="/Users/stavsheizaf/Library/Java/Extensions:/Library/Java/Extensions:/Network/Library/Java/Extensions:/System/Library/Java/Extensions:/usr/lib/java:."/><property name="java.vendor" value="AdoptOpenJDK"/><property name="sun.io.unicode.encoding" value="UnicodeBig"/><property name="socksNonProxyHosts" value="local|*.local|169.254/16|*.169.254/16"/><property name="gopherProxySet" value="false"/><property name="java.class.path" value="/Users/stavsheizaf/Library/Application Support/Coursier/bin/sbt:/Users/stavsheizaf/Library/Caches/Coursier/v1/https/repo1.maven.org/maven2/io/get-coursier/sbt/sbt-runner/0.2.0/sbt-runner-0.2.0.jar:/Users/stavsheizaf/Library/Caches/Coursier/v1/https/repo1.maven.org/maven2/org/scala-sbt/sbt-launch/1.5.4/sbt-launch-1.5.4.jar"/><property name="java.vm.vendor" value="AdoptOpenJDK"/><property name="coursier.mainJar" value="/Users/stavsheizaf/Library/Application Support/Coursier/bin/sbt"/><property name="jline.shutdownhook" value="false"/><property name="user.timezone" value="Asia/Jerusalem"/><property name="os.name" value="Mac OS X"/><property name="java.vm.specification.version" value="11"/><property name="sun.java.launcher" value="SUN_STANDARD"/><property name="user.country" value="IL"/><property name="http.nonProxyHosts" value="local|*.local|169.254/16|*.169.254/16"/><property name="sun.cpu.endian" value="little"/><property name="user.home" value="/Users/stavsheizaf"/><property name="user.language" value="en"/><property name="swoval.tmpdir" value="/Users/stavsheizaf/.sbt/1.0"/><property name="java.awt.graphicsenv" value="sun.awt.CGraphicsEnvironment"/><property name="jline.esc.timeout" value="0"/><property name="ftp.nonProxyHosts" value="local|*.local|169.254/16|*.169.254/16"/><property name="path.separator" value=":"/><property name="os.version" value="11.2"/><property name="jna.nosys" value="true"/><property name="java.runtime.name" value="OpenJDK Runtime Environment"/><property name="java.vm.name" value="OpenJDK 64-Bit Server VM"/><property name="jna.platform.library.path" value="/usr/lib:/usr/lib"/><property name="java.vendor.url.bug" value="https://github.com/AdoptOpenJDK/openjdk-support/issues"/><property name="sbt-launch.version" value="1.5.4"/><property name="user.dir" value="/Users/stavsheizaf/GitRepos/ScalaCourse/1"/><property name="os.arch" value="x86_64"/><property name="java.vm.info" value="mixed mode"/><property name="java.vm.version" value="11.0.11+9"/><property name="java.class.version" value="55.0"/>
    </properties>
          <testcase classname="TaskManagerSpec" name="An empty tasks list should have 0 tasks due today" time="0.018">
                      
                    </testcase>
          <system-out><![CDATA[]]></system-out>
          <system-err><![CDATA[]]></system-err>
        </testsuite>